<?xml version="1.0" encoding="UTF-8"?>
<!-- Generated by org.testng.reporters.JUnitReportReporter -->
<testsuite hostname="DESKTOP-RSR1A44" failures="0" tests="3" name="uiTests.EndToEndTests_motorcycle" time="67.682" errors="0" timestamp="4 Jun 2022 08:04:45 GMT">
  <testcase classname="uiTests.EndToEndTests_motorcycle" name="insuranceCalculate" time="19.280"/>
  <testcase classname="uiTests.EndToEndTests_motorcycle" name="insuranceCalculate" time="19.252"/>
  <testcase classname="uiTests.EndToEndTests_motorcycle" name="insuranceCalculate" time="29.150"/>
</testsuite> <!-- uiTests.EndToEndTests_motorcycle -->
